08-Jun-21 11:36:55-[root]-[INFO]-Battery Statistics Enabled
08-Jun-21 11:36:55-[root]-[INFO]-Network Statistics Enabled
08-Jun-21 11:36:55-[root]-[INFO]-Runtime Statistics Enabled
08-Jun-21 11:36:55-[root]-[INFO]-CPU Statistics Enabled
08-Jun-21 11:36:55-[root]-[INFO]-Created Table: cascadeAnalytics
08-Jun-21 11:36:55-[root]-[INFO]-Created Table: cascadeTrain
08-Jun-21 11:36:55-[root]-[INFO]-Beginning profiling process
08-Jun-21 11:37:21-[root]-[INFO]-Network Stats: upload: 30786225.24032144 download: 91531882.40854388 ping: 15.299 latency: 15.299
08-Jun-21 11:37:21-[root]-[INFO]-Cpu Stats At Start:scputimes(user=745839.97, nice=0.0, system=384429.48, idle=1729373.83)
08-Jun-21 11:37:21-[root]-[INFO]-Battery Start Percentage:100
08-Jun-21 11:37:21-[root]-[ERROR]-Battery charging, monitoring disabled
08-Jun-21 11:37:21-[root]-[INFO]-Start Time:2021-06-08 11:37:21.532834
08-Jun-21 11:37:21-[root]-[INFO]-End of Runtime:2021-06-08 11:37:21.534755 Total Runtime: 0.001921
08-Jun-21 11:37:21-[root]-[INFO]-Cpu Stats At End:scputimes(user=745839.98, nice=0.0, system=384429.48, idle=1729373.84)
08-Jun-21 11:37:21-[root]-[INFO]-Profiled data input into table
08-Jun-21 11:37:21-[root]-[INFO]-Run time analytics for function myFunc stored in CASCADE DB with runId:06/08/2021T11:37:21.534967
08-Jun-21 11:37:21-[root]-[INFO]-Run ID: 06/08/2021T11:37:21.534967 added to analytics
08-Jun-21 11:37:21-[py.warnings]-[WARNING]-/usr/local/lib/python3.9/site-packages/bokeh/models/plots.py:766: UserWarning: 
You are attempting to set `plot.legend.location` on a plot that has zero legends added, this will have no effect.

Before legend properties can be set, you must add a Legend explicitly, or call a glyph method with a legend parameter set.

  warnings.warn(_LEGEND_EMPTY_WARNING % attr)

08-Jun-21 11:37:21-[py.warnings]-[WARNING]-/usr/local/lib/python3.9/site-packages/bokeh/models/plots.py:766: UserWarning: 
You are attempting to set `plot.legend.click_policy` on a plot that has zero legends added, this will have no effect.

Before legend properties can be set, you must add a Legend explicitly, or call a glyph method with a legend parameter set.

  warnings.warn(_LEGEND_EMPTY_WARNING % attr)

08-Jun-21 11:37:22-[root]-[INFO]-Current Run Analytics Generated
08-Jun-21 11:37:22-[root]-[INFO]-Current Run Correlation Graph Generated
08-Jun-21 11:37:23-[root]-[INFO]-Summary Analytics Generated
08-Jun-21 11:37:23-[root]-[INFO]-Summary Correlation Graph Generated
